{
  "RSpec": {
    "coverage": {
      "/Users/SophieGowen/Dropbox/Makers/repos/week4/bookmark-manager/spec/bookmark_spec.rb": {
        "lines": [
          1,
          null,
          1,
          1,
          1,
          1,
          null,
          1,
          1,
          1,
          null,
          1,
          1,
          1,
          null,
          null,
          null,
          null,
          1,
          1,
          1,
          1,
          null,
          null,
          null
        ]
      },
      "/Users/SophieGowen/Dropbox/Makers/repos/week4/bookmark-manager/spec/features/adding_bookmarks_spec.rb": {
        "lines": [
          1,
          1,
          1,
          1,
          1,
          1,
          1,
          null,
          null
        ]
      },
      "/Users/SophieGowen/Dropbox/Makers/repos/week4/bookmark-manager/spec/features/testing_working_infrastructure_spec.rb": {
        "lines": [
          null,
          null,
          null,
          null,
          null,
          null
        ]
      },
      "/Users/SophieGowen/Dropbox/Makers/repos/week4/bookmark-manager/spec/features/viewing_bookmarks_spec.rb": {
        "lines": [
          1,
          1,
          1,
          null,
          1,
          1,
          1,
          null,
          1,
          null,
          1,
          1,
          1,
          null,
          null
        ]
      }
    },
    "timestamp": 1642009411
  }
}
